\BOOKMARK [1][-]{section.1}{Indledning}{}% 1
\BOOKMARK [1][-]{section.2}{Kravspecificering og Use cases}{}% 2
\BOOKMARK [2][-]{subsection.2.1}{Kravspecificering}{section.2}% 3
\BOOKMARK [2][-]{subsection.2.2}{Fully Dressed Use Case}{section.2}% 4
\BOOKMARK [2][-]{subsection.2.3}{Refuge Brief}{section.2}% 5
\BOOKMARK [2][-]{subsection.2.4}{Fleet Test Brief}{section.2}% 6
\BOOKMARK [2][-]{subsection.2.5}{Refuge Test Brief}{section.2}% 7
\BOOKMARK [1][-]{section.3}{FURPS+}{}% 8
\BOOKMARK [2][-]{subsection.3.1}{Functional}{section.3}% 9
\BOOKMARK [2][-]{subsection.3.2}{Usability}{section.3}% 10
\BOOKMARK [2][-]{subsection.3.3}{Reliability}{section.3}% 11
\BOOKMARK [2][-]{subsection.3.4}{Performance}{section.3}% 12
\BOOKMARK [2][-]{subsection.3.5}{Supportability}{section.3}% 13
\BOOKMARK [2][-]{subsection.3.6}{Implementation}{section.3}% 14
\BOOKMARK [2][-]{subsection.3.7}{Interface}{section.3}% 15
\BOOKMARK [2][-]{subsection.3.8}{Operations}{section.3}% 16
\BOOKMARK [2][-]{subsection.3.9}{Packaging}{section.3}% 17
\BOOKMARK [2][-]{subsection.3.10}{Legal}{section.3}% 18
\BOOKMARK [1][-]{section.4}{Dom\346nemodel}{}% 19
\BOOKMARK [1][-]{section.5}{BCE model}{}% 20
\BOOKMARK [1][-]{section.6}{Systemsekvens Diagram}{}% 21
\BOOKMARK [1][-]{section.7}{Kode}{}% 22
\BOOKMARK [2][-]{subsection.7.1}{Struktur og pakker}{section.7}% 23
\BOOKMARK [2][-]{subsection.7.2}{Genanvendelse af kode og opbygning}{section.7}% 24
\BOOKMARK [2][-]{subsection.7.3}{Bem\346rkelsesv\346rdige l\370sninger}{section.7}% 25
\BOOKMARK [3][-]{subsubsection.7.3.1}{TUI}{subsection.7.3}% 26
\BOOKMARK [3][-]{subsubsection.7.3.2}{GameBoard}{subsection.7.3}% 27
\BOOKMARK [3][-]{subsubsection.7.3.3}{Field}{subsection.7.3}% 28
\BOOKMARK [3][-]{subsubsection.7.3.4}{Fleet}{subsection.7.3}% 29
\BOOKMARK [3][-]{subsubsection.7.3.5}{LaborCamp}{subsection.7.3}% 30
\BOOKMARK [3][-]{subsubsection.7.3.6}{Ownable}{subsection.7.3}% 31
\BOOKMARK [3][-]{subsubsection.7.3.7}{Tax}{subsection.7.3}% 32
\BOOKMARK [3][-]{subsubsection.7.3.8}{Game}{subsection.7.3}% 33
\BOOKMARK [1][-]{section.8}{Test}{}% 34
\BOOKMARK [2][-]{subsection.8.1}{Test af Refuge}{section.8}% 35
\BOOKMARK [2][-]{subsection.8.2}{Test af Laborcamp}{section.8}% 36
\BOOKMARK [2][-]{subsection.8.3}{Test af Tax}{section.8}% 37
\BOOKMARK [2][-]{subsection.8.4}{Test af Fleet}{section.8}% 38
\BOOKMARK [2][-]{subsection.8.5}{Test af Territory}{section.8}% 39
\BOOKMARK [2][-]{subsection.8.6}{Test og fejlfinding generelt}{section.8}% 40
\BOOKMARK [1][-]{section.9}{GRASP \(General Responsibilty Assignment Software Patterns\)}{}% 41
\BOOKMARK [2][-]{subsection.9.1}{Controller}{section.9}% 42
\BOOKMARK [2][-]{subsection.9.2}{Creater}{section.9}% 43
\BOOKMARK [2][-]{subsection.9.3}{Expert}{section.9}% 44
\BOOKMARK [2][-]{subsection.9.4}{High Cohesion \(H\370j binding\)}{section.9}% 45
\BOOKMARK [2][-]{subsection.9.5}{Indirection}{section.9}% 46
\BOOKMARK [2][-]{subsection.9.6}{Low Coupling \(Lav kobling\)}{section.9}% 47
\BOOKMARK [2][-]{subsection.9.7}{Polymorphism}{section.9}% 48
\BOOKMARK [2][-]{subsection.9.8}{Protected Variations}{section.9}% 49
\BOOKMARK [2][-]{subsection.9.9}{Pure Fabrication}{section.9}% 50
\BOOKMARK [1][-]{section.10}{Design Sekvens Diagram}{}% 51
\BOOKMARK [1][-]{section.11}{Design-klassediagram}{}% 52
\BOOKMARK [1][-]{section.12}{Kildeliste}{}% 53
\BOOKMARK [1][-]{section.13}{Anvendte v\346rkt\370jer}{}% 54
\BOOKMARK [1][-]{section.14}{Bilag}{}% 55
\BOOKMARK [2][-]{subsection.14.1}{Kode}{section.14}% 56
\BOOKMARK [3][-]{subsubsection.14.1.1}{TUI - Boundary}{subsection.14.1}% 57
\BOOKMARK [3][-]{subsubsection.14.1.2}{Graphic - Boundary}{subsection.14.1}% 58
\BOOKMARK [3][-]{subsubsection.14.1.3}{Main - Controller}{subsection.14.1}% 59
\BOOKMARK [3][-]{subsubsection.14.1.4}{Game - Controller}{subsection.14.1}% 60
\BOOKMARK [3][-]{subsubsection.14.1.5}{Player - Entity}{subsection.14.1}% 61
\BOOKMARK [3][-]{subsubsection.14.1.6}{Account - Entity}{subsection.14.1}% 62
\BOOKMARK [3][-]{subsubsection.14.1.7}{Gameboard - Entity}{subsection.14.1}% 63
\BOOKMARK [3][-]{subsubsection.14.1.8}{Field - Entity}{subsection.14.1}% 64
\BOOKMARK [3][-]{subsubsection.14.1.9}{Ownable - Entity}{subsection.14.1}% 65
\BOOKMARK [3][-]{subsubsection.14.1.10}{Fleet - Entity}{subsection.14.1}% 66
\BOOKMARK [3][-]{subsubsection.14.1.11}{LaborCamp - Entity}{subsection.14.1}% 67
\BOOKMARK [3][-]{subsubsection.14.1.12}{Refuge - Entity}{subsection.14.1}% 68
\BOOKMARK [3][-]{subsubsection.14.1.13}{Tax - Entity}{subsection.14.1}% 69
\BOOKMARK [3][-]{subsubsection.14.1.14}{Territory - Entity}{subsection.14.1}% 70
\BOOKMARK [3][-]{subsubsection.14.1.15}{DieCup - Entity}{subsection.14.1}% 71
\BOOKMARK [3][-]{subsubsection.14.1.16}{Die - Entity}{subsection.14.1}% 72
\BOOKMARK [3][-]{subsubsection.14.1.17}{DieCupTestEntity - TestTools}{subsection.14.1}% 73
\BOOKMARK [3][-]{subsubsection.14.1.18}{FleetTest - TestTools}{subsection.14.1}% 74
\BOOKMARK [3][-]{subsubsection.14.1.19}{LaborCampTest - TestTools}{subsection.14.1}% 75
\BOOKMARK [3][-]{subsubsection.14.1.20}{RefugeTest - TestTools}{subsection.14.1}% 76
\BOOKMARK [3][-]{subsubsection.14.1.21}{TaxTest - TestTools}{subsection.14.1}% 77
\BOOKMARK [3][-]{subsubsection.14.1.22}{TerritoryTest - TestTools}{subsection.14.1}% 78
